<?xml version="1.0" encoding="UTF-8"?>
<!-- Generated by org.testng.reporters.JUnitXMLReporter -->
<testsuite ignored="0" hostname="Siddharths-Mac.local" failures="1" tests="5" name="Test" time="33.178" errors="0" timestamp="2024-03-27T22:56:21 IST">
  <testcase classname="MainTests.GoogleTest" name="sampleTestAmazon" time="6.495"/>
  <testcase classname="MainTests.GoogleTest" name="sampleTestGoogle" time="6.641">
    <skipped/>
  </testcase> <!-- sampleTestGoogle -->
  <testcase classname="MainTests.GoogleTest" name="sampleTestGoogle" time="6.492">
    <skipped/>
  </testcase> <!-- sampleTestGoogle -->
  <testcase classname="MainTests.GoogleTest" name="sampleTestGoogle" time="6.528">
    <skipped/>
  </testcase> <!-- sampleTestGoogle -->
  <testcase classname="MainTests.GoogleTest" name="sampleTestGoogle" time="6.506">
    <failure type="java.lang.AssertionError" message="null">
      <![CDATA[java.lang.AssertionError: null
at MainTests.GoogleTest.sampleTestGoogle(GoogleTest.java:22)
at java.base/java.util.concurrent.ThreadPoolExecutor.runWorker(ThreadPoolExecutor.java:1136)
at java.base/java.util.concurrent.ThreadPoolExecutor$Worker.run(ThreadPoolExecutor.java:635)
at java.base/java.lang.Thread.run(Thread.java:842)
... Removed 14 stack frames]]>
    </failure>
  </testcase> <!-- sampleTestGoogle -->
</testsuite> <!-- Test -->
